<?xml version="1.0" encoding="UTF-8" standalone="no"?>
<!DOCTYPE log SYSTEM "logger.dtd">
<log>
<record>
  <date>2017-10-30T14:24:04.856-0300</date>
  <logger>CASSIO EDUARDO GABRIEL CORDEIRO</logger>
  <level>FINE</level>
  <message>File 116210038-CASSIO EDUARDO GABRIEL CORDEIRO.zip was received. It was sent by CASSIO EDUARDO GABRIEL CORDEIRO from IP 150.165.42.167</message>
</record>
</log>
<?xml version="1.0" encoding="UTF-8" standalone="no"?>
<!DOCTYPE log SYSTEM "logger.dtd">
<log>
<record>
  <date>2017-10-30T15:24:18.989-0300</date>
  <logger>CASSIO EDUARDO GABRIEL CORDEIRO</logger>
  <level>FINE</level>
  <message>File 116210038-CASSIO EDUARDO GABRIEL CORDEIRO.zip was received. It was sent by CASSIO EDUARDO GABRIEL CORDEIRO from IP 150.165.42.167</message>
</record>
</log>
<?xml version="1.0" encoding="UTF-8" standalone="no"?>
<!DOCTYPE log SYSTEM "logger.dtd">
<log>
<record>
  <date>2017-10-30T20:36:51.792-0300</date>
  <logger>CASSIO EDUARDO GABRIEL CORDEIRO</logger>
  <level>FINE</level>
  <message>File 116210038-CASSIO EDUARDO GABRIEL CORDEIRO.zip was received. It was sent by CASSIO EDUARDO GABRIEL CORDEIRO from IP 192.168.0.101</message>
</record>
</log>
<?xml version="1.0" encoding="UTF-8" standalone="no"?>
<!DOCTYPE log SYSTEM "logger.dtd">
<log>
<record>
  <date>2017-10-30T22:33:31.488-0300</date>
  <logger>CASSIO EDUARDO GABRIEL CORDEIRO</logger>
  <level>FINE</level>
  <message>File 116210038-CASSIO EDUARDO GABRIEL CORDEIRO.zip was received. It was sent by CASSIO EDUARDO GABRIEL CORDEIRO from IP 192.168.0.101</message>
</record>
</log>
<?xml version="1.0" encoding="UTF-8" standalone="no"?>
<!DOCTYPE log SYSTEM "logger.dtd">
<log>
<record>
  <date>2017-10-30T22:35:51.732-0300</date>
  <logger>CASSIO EDUARDO GABRIEL CORDEIRO</logger>
  <level>FINE</level>
  <message>File 116210038-CASSIO EDUARDO GABRIEL CORDEIRO.zip was received. It was sent by CASSIO EDUARDO GABRIEL CORDEIRO from IP 192.168.0.101</message>
</record>
