<?xml version="1.0" encoding="UTF-8" standalone="no"?>
<!DOCTYPE log SYSTEM "logger.dtd">
<log>
<record>
  <date>2017-11-01T16:08:06.207-0300</date>
  <logger>CASSIO EDUARDO GABRIEL CORDEIRO</logger>
  <level>FINE</level>
  <message>File 116210038-CASSIO EDUARDO GABRIEL CORDEIRO.zip was received. It was sent by CASSIO EDUARDO GABRIEL CORDEIRO from IP 150.165.42.167</message>
</record>
</log>
<?xml version="1.0" encoding="UTF-8" standalone="no"?>
<!DOCTYPE log SYSTEM "logger.dtd">
<log>
<record>
  <date>2017-11-01T21:14:13.133-0300</date>
  <logger>CASSIO EDUARDO GABRIEL CORDEIRO</logger>
  <level>FINE</level>
  <message>File 116210038-CASSIO EDUARDO GABRIEL CORDEIRO.zip was received. It was sent by CASSIO EDUARDO GABRIEL CORDEIRO from IP 192.168.0.101</message>
</record>
</log>
<?xml version="1.0" encoding="UTF-8" standalone="no"?>
<!DOCTYPE log SYSTEM "logger.dtd">
<log>
<record>
  <date>2017-11-01T21:15:59.285-0300</date>
  <logger>CASSIO EDUARDO GABRIEL CORDEIRO</logger>
  <level>FINE</level>
  <message>File 116210038-CASSIO EDUARDO GABRIEL CORDEIRO.zip was received. It was sent by CASSIO EDUARDO GABRIEL CORDEIRO from IP 192.168.0.101</message>
</record>
</log>
<?xml version="1.0" encoding="UTF-8" standalone="no"?>
<!DOCTYPE log SYSTEM "logger.dtd">
<log>
<record>
  <date>2017-11-01T21:16:48.545-0300</date>
  <logger>CASSIO EDUARDO GABRIEL CORDEIRO</logger>
  <level>FINE</level>
  <message>File 116210038-CASSIO EDUARDO GABRIEL CORDEIRO.zip was received. It was sent by CASSIO EDUARDO GABRIEL CORDEIRO from IP 192.168.0.101</message>
</record>
</log>
<?xml version="1.0" encoding="UTF-8" standalone="no"?>
<!DOCTYPE log SYSTEM "logger.dtd">
<log>
<record>
  <date>2017-11-01T21:19:44.524-0300</date>
  <logger>CASSIO EDUARDO GABRIEL CORDEIRO</logger>
  <level>FINE</level>
  <message>File 116210038-CASSIO EDUARDO GABRIEL CORDEIRO.zip was received. It was sent by CASSIO EDUARDO GABRIEL CORDEIRO from IP 192.168.0.101</message>
</record>
</log>
<?xml version="1.0" encoding="UTF-8" standalone="no"?>
<!DOCTYPE log SYSTEM "logger.dtd">
<log>
<record>
  <date>2017-11-01T21:49:54.736-0300</date>
  <logger>CASSIO EDUARDO GABRIEL CORDEIRO</logger>
  <level>FINE</level>
  <message>File 116210038-CASSIO EDUARDO GABRIEL CORDEIRO.zip was received. It was sent by CASSIO EDUARDO GABRIEL CORDEIRO from IP 192.168.0.101</message>
</record>
</log>
<?xml version="1.0" encoding="UTF-8" standalone="no"?>
<!DOCTYPE log SYSTEM "logger.dtd">
<log>
<record>
  <date>2017-11-01T21:52:45.045-0300</date>
  <logger>CASSIO EDUARDO GABRIEL CORDEIRO</logger>
  <level>FINE</level>
  <message>File 116210038-CASSIO EDUARDO GABRIEL CORDEIRO.zip was received. It was sent by CASSIO EDUARDO GABRIEL CORDEIRO from IP 192.168.0.101</message>
</record>
</log>
<?xml version="1.0" encoding="UTF-8" standalone="no"?>
<!DOCTYPE log SYSTEM "logger.dtd">
<log>
<record>
  <date>2017-11-02T00:24:38.762-0300</date>
  <logger>CASSIO EDUARDO GABRIEL CORDEIRO</logger>
  <level>FINE</level>
  <message>File 116210038-CASSIO EDUARDO GABRIEL CORDEIRO.zip was received. It was sent by CASSIO EDUARDO GABRIEL CORDEIRO from IP 192.168.0.101</message>
</record>
</log>
<?xml version="1.0" encoding="UTF-8" standalone="no"?>
<!DOCTYPE log SYSTEM "logger.dtd">
<log>
<record>
  <date>2017-11-02T00:26:21.896-0300</date>
  <logger>CASSIO EDUARDO GABRIEL CORDEIRO</logger>
  <level>FINE</level>
  <message>File 116210038-CASSIO EDUARDO GABRIEL CORDEIRO.zip was received. It was sent by CASSIO EDUARDO GABRIEL CORDEIRO from IP 192.168.0.101</message>
</record>
</log>
<?xml version="1.0" encoding="UTF-8" standalone="no"?>
<!DOCTYPE log SYSTEM "logger.dtd">
<log>
<record>
  <date>2017-11-02T00:47:05.035-0300</date>
  <logger>CASSIO EDUARDO GABRIEL CORDEIRO</logger>
  <level>FINE</level>
  <message>File 116210038-CASSIO EDUARDO GABRIEL CORDEIRO.zip was received. It was sent by CASSIO EDUARDO GABRIEL CORDEIRO from IP 192.168.0.101</message>
</record>
