<?xml version="1.0" encoding="UTF-8" standalone="no"?>
<!DOCTYPE log SYSTEM "logger.dtd">
<log>
<record>
  <date>2018-02-19T14:02:16.112-0300</date>
  <logger>CASSIO EDUARDO GABRIEL CORDEIRO</logger>
  <level>FINE</level>
  <message>File 116210038-CASSIO EDUARDO GABRIEL CORDEIRO.zip was received. It was sent by CASSIO EDUARDO GABRIEL CORDEIRO from IP 192.168.0.109</message>
</record>
</log>
<?xml version="1.0" encoding="UTF-8" standalone="no"?>
<!DOCTYPE log SYSTEM "logger.dtd">
<log>
<record>
  <date>2018-02-19T18:52:02.035-0300</date>
  <logger>CASSIO EDUARDO GABRIEL CORDEIRO</logger>
  <level>FINE</level>
  <message>File 116210038-CASSIO EDUARDO GABRIEL CORDEIRO.zip was received. It was sent by CASSIO EDUARDO GABRIEL CORDEIRO from IP 192.168.0.109</message>
</record>
</log>
<?xml version="1.0" encoding="UTF-8" standalone="no"?>
<!DOCTYPE log SYSTEM "logger.dtd">
<log>
<record>
  <date>2018-02-19T18:52:42.627-0300</date>
  <logger>CASSIO EDUARDO GABRIEL CORDEIRO</logger>
  <level>FINE</level>
  <message>File 116210038-CASSIO EDUARDO GABRIEL CORDEIRO.zip was received. It was sent by CASSIO EDUARDO GABRIEL CORDEIRO from IP 192.168.0.109</message>
</record>
</log>
<?xml version="1.0" encoding="UTF-8" standalone="no"?>
<!DOCTYPE log SYSTEM "logger.dtd">
<log>
<record>
  <date>2018-02-19T18:55:18.353-0300</date>
  <logger>CASSIO EDUARDO GABRIEL CORDEIRO</logger>
  <level>FINE</level>
  <message>File 116210038-CASSIO EDUARDO GABRIEL CORDEIRO.zip was received. It was sent by CASSIO EDUARDO GABRIEL CORDEIRO from IP 192.168.0.109</message>
</record>
