<?xml version="1.0" encoding="UTF-8" standalone="no"?>
<!DOCTYPE log SYSTEM "logger.dtd">
<log>
<record>
  <date>2017-11-08T16:14:10.465-0300</date>
  <logger>CASSIO EDUARDO GABRIEL CORDEIRO</logger>
  <level>FINE</level>
  <message>File 116210038-CASSIO EDUARDO GABRIEL CORDEIRO.zip was received. It was sent by CASSIO EDUARDO GABRIEL CORDEIRO from IP 150.165.42.195</message>
</record>
</log>
<?xml version="1.0" encoding="UTF-8" standalone="no"?>
<!DOCTYPE log SYSTEM "logger.dtd">
<log>
<record>
  <date>2017-11-08T20:09:35.174-0300</date>
  <logger>CASSIO EDUARDO GABRIEL CORDEIRO</logger>
  <level>FINE</level>
  <message>File 116210038-CASSIO EDUARDO GABRIEL CORDEIRO.zip was received. It was sent by CASSIO EDUARDO GABRIEL CORDEIRO from IP 192.168.0.103</message>
</record>
</log>
<?xml version="1.0" encoding="UTF-8" standalone="no"?>
<!DOCTYPE log SYSTEM "logger.dtd">
<log>
<record>
  <date>2017-11-08T20:10:25.446-0300</date>
  <logger>CASSIO EDUARDO GABRIEL CORDEIRO</logger>
  <level>FINE</level>
  <message>File 116210038-CASSIO EDUARDO GABRIEL CORDEIRO.zip was received. It was sent by CASSIO EDUARDO GABRIEL CORDEIRO from IP 192.168.0.103</message>
</record>
</log>
<?xml version="1.0" encoding="UTF-8" standalone="no"?>
<!DOCTYPE log SYSTEM "logger.dtd">
<log>
<record>
  <date>2017-11-08T20:13:41.231-0300</date>
  <logger>CASSIO EDUARDO GABRIEL CORDEIRO</logger>
  <level>FINE</level>
  <message>File 116210038-CASSIO EDUARDO GABRIEL CORDEIRO.zip was received. It was sent by CASSIO EDUARDO GABRIEL CORDEIRO from IP 192.168.0.103</message>
</record>
</log>
<?xml version="1.0" encoding="UTF-8" standalone="no"?>
<!DOCTYPE log SYSTEM "logger.dtd">
<log>
<record>
  <date>2017-11-08T20:14:29.082-0300</date>
  <logger>CASSIO EDUARDO GABRIEL CORDEIRO</logger>
  <level>FINE</level>
  <message>File 116210038-CASSIO EDUARDO GABRIEL CORDEIRO.zip was received. It was sent by CASSIO EDUARDO GABRIEL CORDEIRO from IP 192.168.0.103</message>
</record>
</log>
<?xml version="1.0" encoding="UTF-8" standalone="no"?>
<!DOCTYPE log SYSTEM "logger.dtd">
<log>
<record>
  <date>2017-11-08T20:17:27.653-0300</date>
  <logger>CASSIO EDUARDO GABRIEL CORDEIRO</logger>
  <level>FINE</level>
  <message>File 116210038-CASSIO EDUARDO GABRIEL CORDEIRO.zip was received. It was sent by CASSIO EDUARDO GABRIEL CORDEIRO from IP 192.168.0.103</message>
</record>
</log>
<?xml version="1.0" encoding="UTF-8" standalone="no"?>
<!DOCTYPE log SYSTEM "logger.dtd">
<log>
<record>
  <date>2017-11-08T20:18:09.000-0300</date>
  <logger>CASSIO EDUARDO GABRIEL CORDEIRO</logger>
  <level>FINE</level>
  <message>File 116210038-CASSIO EDUARDO GABRIEL CORDEIRO.zip was received. It was sent by CASSIO EDUARDO GABRIEL CORDEIRO from IP 192.168.0.103</message>
</record>
