<?xml version="1.0" encoding="UTF-8" standalone="no"?>
<!DOCTYPE log SYSTEM "logger.dtd">
<log>
<record>
  <date>2017-11-22T16:22:23.689-0300</date>
  <logger>CASSIO EDUARDO GABRIEL CORDEIRO</logger>
  <level>FINE</level>
  <message>File 116210038-CASSIO EDUARDO GABRIEL CORDEIRO.zip was received. It was sent by CASSIO EDUARDO GABRIEL CORDEIRO from IP 150.165.42.191</message>
</record>
</log>
<?xml version="1.0" encoding="UTF-8" standalone="no"?>
<!DOCTYPE log SYSTEM "logger.dtd">
<log>
<record>
  <date>2017-11-22T20:25:59.860-0300</date>
  <logger>CASSIO EDUARDO GABRIEL CORDEIRO</logger>
  <level>FINE</level>
  <message>File 116210038-CASSIO EDUARDO GABRIEL CORDEIRO.zip was received. It was sent by CASSIO EDUARDO GABRIEL CORDEIRO from IP 192.168.0.103</message>
</record>
</log>
<?xml version="1.0" encoding="UTF-8" standalone="no"?>
<!DOCTYPE log SYSTEM "logger.dtd">
<log>
<record>
  <date>2017-11-22T20:45:55.672-0300</date>
  <logger>CASSIO EDUARDO GABRIEL CORDEIRO</logger>
  <level>FINE</level>
  <message>File 116210038-CASSIO EDUARDO GABRIEL CORDEIRO.zip was received. It was sent by CASSIO EDUARDO GABRIEL CORDEIRO from IP 192.168.0.103</message>
</record>
</log>
<?xml version="1.0" encoding="UTF-8" standalone="no"?>
<!DOCTYPE log SYSTEM "logger.dtd">
<log>
<record>
  <date>2017-11-22T21:45:19.986-0300</date>
  <logger>CASSIO EDUARDO GABRIEL CORDEIRO</logger>
  <level>FINE</level>
  <message>File 116210038-CASSIO EDUARDO GABRIEL CORDEIRO.zip was received. It was sent by CASSIO EDUARDO GABRIEL CORDEIRO from IP 192.168.0.103</message>
</record>
